Flutter crash report.
Please report a bug at https://github.com/flutter/flutter/issues.

## command

flutter run

## exception

ArgumentError: Invalid argument(s) (onError): The error handler of Future.catchError must return a value of the future's type

```
#0      _FutureListener.handleError (dart:async/future_impl.dart:181:7)
#1      Future._propagateToListeners.handleError (dart:async/future_impl.dart:779:47)
#2      Future._propagateToListeners (dart:async/future_impl.dart:800:13)
#3      Future._completeError (dart:async/future_impl.dart:575:5)
#4      _rootRunBinary (dart:async/zone.dart:1422:47)
#5      _CustomZone.runBinary (dart:async/zone.dart:1314:19)
#6      _FutureListener.handleError (dart:async/future_impl.dart:162:22)
#7      Future._propagateToListeners.handleError (dart:async/future_impl.dart:779:47)
#8      Future._propagateToListeners (dart:async/future_impl.dart:800:13)
#9      Future._completeError (dart:async/future_impl.dart:575:5)
#10     Future._asyncCompleteError.<anonymous closure> (dart:async/future_impl.dart:666:7)
#11     _rootRun (dart:async/zone.dart:1398:13)
#12     _CustomZone.run (dart:async/zone.dart:1300:19)
#13     _CustomZone.runGuarded (dart:async/zone.dart:1208:7)
#14     _CustomZone.bindCallbackGuarded.<anonymous closure> (dart:async/zone.dart:1248:23)
#15     _microtaskLoop (dart:async/schedule_microtask.dart:40:21)
#16     _startMicrotaskLoop (dart:async/schedule_microtask.dart:49:5)
#17     _runPendingImmediateCallback (dart:isolate-patch/isolate_patch.dart:123:13)
#18     _RawReceivePortImpl._handleMessage (dart:isolate-patch/isolate_patch.dart:194:5)
```

## flutter doctor

```
[32m[✓][39m Flutter (Channel master, 3.6.0-1.0.pre.37, on macOS 12.5 21G72
    darwin-arm64, locale en-SA)
    [32m•[39m Flutter version 3.6.0-1.0.pre.37 on channel master at
      /Users/rasha/dev/flutter
    [32m•[39m Upstream repository https://github.com/flutter/flutter.git
    [32m•[39m Framework revision 098aac7ffe (5 hours ago), 2022-11-11
      05:19:18 -0500
    [32m•[39m Engine revision 7326e5b335
    [32m•[39m Dart version 2.19.0 (build 2.19.0-389.0.dev)
    [32m•[39m DevTools version 2.19.0

[32m[✓][39m Android toolchain - develop for Android devices (Android SDK
    version 33.0.0)
    [32m•[39m Android SDK at /Users/rasha/Library/Android/sdk
    [32m•[39m Platform android-33, build-tools 33.0.0
    [32m•[39m Java binary at: /Applications/Android
      Studio.app/Contents/jre/Contents/Home/bin/java
    [32m•[39m Java version OpenJDK Runtime Environment (build
      11.0.13+0-b1751.21-8125866)
    [32m•[39m All Android licenses accepted.

[32m[✓][39m Xcode - develop for iOS and macOS (Xcode 14.0.1)
    [32m•[39m Xcode at /Applications/Xcode.app/Contents/Developer
    [32m•[39m Build 14A400
    [32m•[39m CocoaPods version 1.11.3

[32m[✓][39m Chrome - develop for the web
    [32m•[39m Chrome at /Applications/Google
      Chrome.app/Contents/MacOS/Google Chrome

[32m[✓][39m Android Studio (version 2021.3)
    [32m•[39m Android Studio at /Applications/Android Studio.app/Contents
    [32m•[39m Flutter plugin can be installed from:
      🔨 https://plugins.jetbrains.com/plugin/9212-flutter
    [32m•[39m Dart plugin can be installed from:
      🔨 https://plugins.jetbrains.com/plugin/6351-dart
    [32m•[39m Java version OpenJDK Runtime Environment (build
      11.0.13+0-b1751.21-8125866)

[32m[✓][39m VS Code (version 1.72.2)
    [32m•[39m VS Code at /Users/rasha/Desktop/fffee/Visual Studio
      Code.app/Contents
    [32m•[39m Flutter extension version 3.52.0

[32m[✓][39m VS Code (version 1.72.2)
    [32m•[39m VS Code at /Users/rasha/Downloads/Visual Studio
      Code.app/Contents
    [32m•[39m Flutter extension version 3.52.0

[32m[✓][39m Connected device (2 available)
    [32m•[39m macOS (desktop) • macos  • darwin-arm64   • macOS 12.5 21G72
      darwin-arm64
    [32m•[39m Chrome (web)    • chrome • web-javascript • Google Chrome
      107.0.5304.110

[32m[✓][39m HTTP Host Availability
    [32m•[39m All required HTTP hosts are available

[32m•[39m No issues found!
```
